<?xml version="1.0" encoding="UTF-8"?>
<!-- Generated by org.testng.reporters.JUnitReportReporter -->
<testsuite hostname="MEGHARAJ" failures="0" tests="3" name="files.DynamicJson" time="4.251" errors="0" timestamp="2021-08-14T15:18:29 IST" skipped="0">
  <testcase classname="files.DynamicJson" name="addBook" time="0.610"/>
  <system-out/>
  <testcase classname="files.DynamicJson" name="addBook" time="0.816"/>
  <system-out/>
  <testcase classname="files.DynamicJson" name="addBook" time="2.825"/>
  <system-out/>
</testsuite> <!-- files.DynamicJson -->
