<?xml version="1.0" encoding="UTF-8"?>
<!-- Generated by org.testng.reporters.JUnitReportReporter -->
<testsuite hostname="MEGHARAJ" failures="0" tests="1" name="pojoDeSelearilization.serialization" time="3.121" errors="0" timestamp="2021-08-26T21:35:29 IST" skipped="0">
  <testcase classname="pojoDeSelearilization.serialization" name="serial" time="3.121"/>
  <system-out/>
</testsuite> <!-- pojoDeSelearilization.serialization -->
