<?xml version="1.0" encoding="UTF-8"?>
<!-- Generated by org.testng.reporters.JUnitReportReporter -->
<testsuite hostname="MEGHARAJ" failures="0" tests="1" name="sumValidation" time="1.890" errors="0" timestamp="2021-08-14T12:50:37 IST" skipped="0">
  <testcase classname="sumValidation" name="sumOfAllCourses" time="1.890"/>
  <system-out/>
</testsuite> <!-- sumValidation -->
