<?xml version="1.0" encoding="UTF-8"?>
<!-- Generated by org.testng.reporters.JUnitReportReporter -->
<testsuite hostname="MEGHARAJ" failures="0" tests="1" name="Jiratest" time="2.280" errors="0" timestamp="2021-08-14T22:15:43 IST" skipped="0">
  <testcase classname="Jiratest" name="jiraScript" time="2.280"/>
  <system-out/>
</testsuite> <!-- Jiratest -->
