<?xml version="1.0" encoding="UTF-8"?>
<!-- Generated by org.testng.reporters.JUnitReportReporter -->
<testsuite hostname="MEGHARAJ" failures="0" tests="1" name="jsonHasMapRequest" time="4.566" errors="0" timestamp="2021-08-29T23:12:11 IST" skipped="0">
  <testcase classname="jsonHasMapRequest" name="datadrivenRequest" time="4.566"/>
  <system-out/>
</testsuite> <!-- jsonHasMapRequest -->
